{"total": {"lines":{"total":101,"covered":101,"skipped":0,"pct":100},"statements":{"total":107,"covered":107,"skipped":0,"pct":100},"functions":{"total":37,"covered":37,"skipped":0,"pct":100},"branches":{"total":58,"covered":51,"skipped":0,"pct":87.93}}
,"/Users/joelpoulin/Sites/jota/hateoas-parser/index.js": {"lines":{"total":101,"covered":101,"skipped":0,"pct":100},"functions":{"total":37,"covered":37,"skipped":0,"pct":100},"statements":{"total":107,"covered":107,"skipped":0,"pct":100},"branches":{"total":58,"covered":51,"skipped":0,"pct":87.93}}
}
